<?xml version="1.0" encoding="UTF-8"?>
<!-- Generated by org.testng.reporters.JUnitXMLReporter -->
<testsuite ignored="0" hostname="DESKTOP-RB5DF6A" failures="1" tests="2" name="Login funtionalities" time="25.027" errors="0" timestamp="2025-05-17T10:42:55 IST">
  <testcase classname="io.cucumber.testng.AbstractTestNGCucumberTests" name="runScenario" time="9.42"/>
  <testcase classname="io.cucumber.testng.AbstractTestNGCucumberTests" name="runScenario" time="0.045">
    <failure type="io.cucumber.java.PendingException" message="TODO: implement me">
      <![CDATA[io.cucumber.java.PendingException: TODO: implement me
at stepdefinitions.Application_Filter.user_clicks_the_price_dropdown_as(Application_Filter.java:28)
at âœ½.user clicks the price dropdown as 3000(file:///C:/Users/Suvajit%20Dutta/PipeLinePractice/FlipKartFunctionalTestings_V_0_1/src/test/resources/features/OpenAppliancePage.feature:15)
]]>
    </failure>
  </testcase> <!-- runScenario -->
</testsuite> <!-- Login funtionalities -->
